<?xml version="1.0" encoding="UTF-8"?>
<testng-results skipped="0" failed="0" total="1" passed="1">
  <reporter-output>
  </reporter-output>
  <suite name="Default suite" duration-ms="77841" started-at="2018-04-17T05:49:12Z" finished-at="2018-04-17T05:50:30Z">
    <groups>
    </groups>
    <test name="Default test" duration-ms="77841" started-at="2018-04-17T05:49:12Z" finished-at="2018-04-17T05:50:30Z">
      <class name="com.jackfruit.billbook.scripts.BBAddStandardCommodity">
        <test-method status="PASS" signature="initFrameWork()[pri:0, instance:com.jackfruit.billbook.scripts.BBAddStandardCommodity@fb434]" name="initFrameWork" is-config="true" duration-ms="514" started-at="2018-04-17T11:19:11Z" finished-at="2018-04-17T11:19:12Z">
          <reporter-output>
          </reporter-output>
        </test-method> <!-- initFrameWork -->
        <test-method status="PASS" signature="initGlobalVar()[pri:0, instance:com.jackfruit.billbook.scripts.BBAddStandardCommodity@fb434]" name="initGlobalVar" is-config="true" duration-ms="0" started-at="2018-04-17T11:19:12Z" finished-at="2018-04-17T11:19:12Z">
          <reporter-output>
          </reporter-output>
        </test-method> <!-- initGlobalVar -->
        <test-method status="PASS" signature="initApplication(java.lang.String)[pri:0, instance:com.jackfruit.billbook.scripts.BBAddStandardCommodity@fb434]" name="initApplication" is-config="true" duration-ms="12092" started-at="2018-04-17T11:19:12Z" finished-at="2018-04-17T11:19:24Z">
          <params>
            <param index="0">
              <value>
                <![CDATA[chrome]]>
              </value>
            </param>
          </params>
          <reporter-output>
          </reporter-output>
        </test-method> <!-- initApplication -->
        <test-method status="PASS" signature="preCondition(java.lang.reflect.Method)[pri:0, instance:com.jackfruit.billbook.scripts.BBAddStandardCommodity@fb434]" name="preCondition" is-config="true" duration-ms="26706" started-at="2018-04-17T11:19:24Z" finished-at="2018-04-17T11:19:51Z">
          <params>
            <param index="0">
              <value>
                <![CDATA[public void com.jackfruit.billbook.scripts.BBAddStandardCommodity.testAddStandardCommodity() throws java.lang.Exception]]>
              </value>
            </param>
          </params>
          <reporter-output>
          </reporter-output>
        </test-method> <!-- preCondition -->
        <test-method status="PASS" signature="testAddStandardCommodity()[pri:9, instance:com.jackfruit.billbook.scripts.BBAddStandardCommodity@fb434]" name="testAddStandardCommodity" duration-ms="36245" started-at="2018-04-17T11:19:51Z" finished-at="2018-04-17T11:20:27Z">
          <reporter-output>
          </reporter-output>
        </test-method> <!-- testAddStandardCommodity -->
        <test-method status="PASS" signature="closeApplication()[pri:0, instance:com.jackfruit.billbook.scripts.BBAddStandardCommodity@fb434]" name="closeApplication" is-config="true" duration-ms="2780" started-at="2018-04-17T11:20:27Z" finished-at="2018-04-17T11:20:30Z">
          <reporter-output>
          </reporter-output>
        </test-method> <!-- closeApplication -->
        <test-method status="PASS" signature="publishReport()[pri:0, instance:com.jackfruit.billbook.scripts.BBAddStandardCommodity@fb434]" name="publishReport" is-config="true" duration-ms="379" started-at="2018-04-17T11:20:30Z" finished-at="2018-04-17T11:20:30Z">
          <reporter-output>
          </reporter-output>
        </test-method> <!-- publishReport -->
      </class> <!-- com.jackfruit.billbook.scripts.BBAddStandardCommodity -->
    </test> <!-- Default test -->
  </suite> <!-- Default suite -->
</testng-results>
